app/build/intermediates/manifest_merge_blame_file/release/manifest-merger-blame-release-report.txt
1<?xml version="1.0" encoding="utf-8"?>
2<!--
3  Copyright 2016 Google LLC. All rights reserved.
4
5  Licensed under the Apache License, Version 2.0 (the "License");
6  you may not use this file except in compliance with the License.
7  You may obtain a copy of the License at
8
9       http://www.apache.org/licenses/LICENSE-2.0
10
11  Unless required by applicable law or agreed to in writing, software
12  distributed under the License is distributed on an "AS IS" BASIS,
13  WITHOUT WARRANTIES OR CONDITIONS OF ANY KIND, either express or implied.
14  See the License for the specific language governing permissions and
15  limitations under the License.
16-->
17<manifest xmlns:android="http://schemas.android.com/apk/res/android"
18    package="com.google.sample.cast.refplayer"
19    android:versionCode="21"
20    android:versionName="0.82" >
21
22    <uses-sdk
23        android:minSdkVersion="18"
23-->src\main\AndroidManifest.xml
24        android:targetSdkVersion="32" />
24-->src\main\AndroidManifest.xml
25
26    <uses-permission android:name="android.permission.INTERNET" />
26-->src\main\AndroidManifest.xml:19:5-67
26-->src\main\AndroidManifest.xml:19:22-64
27
28    <!-- This permission is required to start foreground services in Android P. -->
29    <uses-permission android:name="android.permission.FOREGROUND_SERVICE" />
29-->[com.google.android.gms:play-services-cast-framework:21.1.0] AndroidManifest.xml:10:5-77
29-->[com.google.android.gms:play-services-cast-framework:21.1.0] AndroidManifest.xml:10:22-74
30
31    <queries>
31-->[androidx.media:media:1.4.1] AndroidManifest.xml:24:5-28:15
32        <intent>
32-->[androidx.media:media:1.4.1] AndroidManifest.xml:25:9-27:18
33            <action android:name="android.media.browse.MediaBrowserService" />
33-->[androidx.media:media:1.4.1] AndroidManifest.xml:26:13-79
33-->[androidx.media:media:1.4.1] AndroidManifest.xml:26:21-76
34        </intent>
35    </queries> <!-- Although the *SdkVersion is captured in gradle build files, this is required for non gradle builds -->
36    <!-- <uses-sdk android:minSdkVersion="14"/> -->
37    <uses-permission android:name="android.permission.ACCESS_NETWORK_STATE" />
37-->[com.google.android.datatransport:transport-backend-cct:2.3.3] AndroidManifest.xml:25:5-79
37-->[com.google.android.datatransport:transport-backend-cct:2.3.3] AndroidManifest.xml:25:22-76
38
39    <application
39-->src\main\AndroidManifest.xml:21:5-75:19
40        android:allowBackup="true"
40-->src\main\AndroidManifest.xml:22:9-35
41        android:appComponentFactory="androidx.core.app.CoreComponentFactory"
41-->[androidx.core:core:1.8.0] AndroidManifest.xml:24:18-86
42        android:icon="@drawable/ic_launcher"
42-->src\main\AndroidManifest.xml:23:9-45
43        android:label="@string/app_name"
43-->src\main\AndroidManifest.xml:24:9-41
44        android:theme="@style/Theme.CastVideosTheme"
44-->src\main\AndroidManifest.xml:25:9-53
45        android:usesCleartextTraffic="true" >
45-->src\main\AndroidManifest.xml:26:9-44
46        <activity
46-->src\main\AndroidManifest.xml:28:9-38:20
47            android:name="com.google.sample.cast.refplayer.VideoBrowserActivity"
47-->src\main\AndroidManifest.xml:29:13-81
48            android:exported="true"
48-->src\main\AndroidManifest.xml:32:13-36
49            android:label="@string/app_name"
49-->src\main\AndroidManifest.xml:30:13-45
50            android:screenOrientation="portrait" >
50-->src\main\AndroidManifest.xml:31:13-49
51            <intent-filter>
51-->src\main\AndroidManifest.xml:33:13-37:29
52                <action android:name="android.intent.action.MAIN" />
52-->src\main\AndroidManifest.xml:34:17-69
52-->src\main\AndroidManifest.xml:34:25-66
53
54                <category android:name="android.intent.category.LAUNCHER" />
54-->src\main\AndroidManifest.xml:36:17-77
54-->src\main\AndroidManifest.xml:36:27-74
55            </intent-filter>
56        </activity>
57        <activity
57-->src\main\AndroidManifest.xml:39:9-48:20
58            android:name="com.google.sample.cast.refplayer.mediaplayer.LocalPlayerActivity"
58-->src\main\AndroidManifest.xml:40:13-92
59            android:configChanges="orientation|keyboard|keyboardHidden|screenSize|screenLayout|uiMode"
59-->src\main\AndroidManifest.xml:41:13-103
60            android:exported="true"
60-->src\main\AndroidManifest.xml:44:13-36
61            android:label="@string/app_name"
61-->src\main\AndroidManifest.xml:42:13-45
62            android:launchMode="singleTask" >
62-->src\main\AndroidManifest.xml:43:13-44
63            <intent-filter>
63-->src\main\AndroidManifest.xml:45:13-47:29
64                <action android:name="android.intent.action.MAIN" />
64-->src\main\AndroidManifest.xml:34:17-69
64-->src\main\AndroidManifest.xml:34:25-66
65            </intent-filter>
66        </activity>
67        <activity
67-->src\main\AndroidManifest.xml:49:9-57:20
68            android:name="com.google.sample.cast.refplayer.settings.CastPreference"
68-->src\main\AndroidManifest.xml:50:13-84
69            android:exported="true"
69-->src\main\AndroidManifest.xml:53:13-36
70            android:label="@string/action_settings"
70-->src\main\AndroidManifest.xml:52:13-52
71            android:theme="@style/Theme.CastPreferenceTheme" >
71-->src\main\AndroidManifest.xml:51:13-61
72            <intent-filter>
72-->src\main\AndroidManifest.xml:45:13-47:29
73                <action android:name="android.intent.action.MAIN" />
73-->src\main\AndroidManifest.xml:34:17-69
73-->src\main\AndroidManifest.xml:34:25-66
74            </intent-filter>
75        </activity>
76        <activity
76-->src\main\AndroidManifest.xml:58:9-71:20
77            android:name="com.google.sample.cast.refplayer.expandedcontrols.ExpandedControlsActivity"
77-->src\main\AndroidManifest.xml:59:17-106
78            android:exported="true"
78-->src\main\AndroidManifest.xml:64:17-40
79            android:label="@string/app_name"
79-->src\main\AndroidManifest.xml:60:17-49
80            android:launchMode="singleInstance"
80-->src\main\AndroidManifest.xml:61:17-52
81            android:screenOrientation="portrait"
81-->src\main\AndroidManifest.xml:63:17-53
82            android:theme="@style/Theme.CastVideosDark" >
82-->src\main\AndroidManifest.xml:62:17-60
83            <intent-filter>
83-->src\main\AndroidManifest.xml:45:13-47:29
84                <action android:name="android.intent.action.MAIN" />
84-->src\main\AndroidManifest.xml:34:17-69
84-->src\main\AndroidManifest.xml:34:25-66
85            </intent-filter>
86
87            <meta-data
87-->src\main\AndroidManifest.xml:68:13-70:92
88                android:name="android.support.PARENT_ACTIVITY"
88-->src\main\AndroidManifest.xml:69:21-67
89                android:value="com.google.sample.cast.refplayer.VideoBrowserActivity" />
89-->src\main\AndroidManifest.xml:70:21-90
90        </activity>
91
92        <meta-data
92-->src\main\AndroidManifest.xml:72:9-74:88
93            android:name="com.google.android.gms.cast.framework.OPTIONS_PROVIDER_CLASS_NAME"
93-->src\main\AndroidManifest.xml:73:17-97
94            android:value="com.google.sample.cast.refplayer.CastOptionsProvider" />
94-->src\main\AndroidManifest.xml:74:17-85
95
96        <receiver
96-->[com.google.android.gms:play-services-cast-framework:21.1.0] AndroidManifest.xml:13:9-15:40
97            android:name="com.google.android.gms.cast.framework.media.MediaIntentReceiver"
97-->[com.google.android.gms:play-services-cast-framework:21.1.0] AndroidManifest.xml:14:13-91
98            android:exported="false" />
98-->[com.google.android.gms:play-services-cast-framework:21.1.0] AndroidManifest.xml:15:13-37
99
100        <service
100-->[com.google.android.gms:play-services-cast-framework:21.1.0] AndroidManifest.xml:17:9-20:61
101            android:name="com.google.android.gms.cast.framework.media.MediaNotificationService"
101-->[com.google.android.gms:play-services-cast-framework:21.1.0] AndroidManifest.xml:18:13-96
102            android:exported="false"
102-->[com.google.android.gms:play-services-cast-framework:21.1.0] AndroidManifest.xml:19:13-37
103            android:foregroundServiceType="mediaPlayback" />
103-->[com.google.android.gms:play-services-cast-framework:21.1.0] AndroidManifest.xml:20:13-58
104        <service
104-->[com.google.android.gms:play-services-cast-framework:21.1.0] AndroidManifest.xml:21:9-23:40
105            android:name="com.google.android.gms.cast.framework.ReconnectionService"
105-->[com.google.android.gms:play-services-cast-framework:21.1.0] AndroidManifest.xml:22:13-85
106            android:exported="false" />
106-->[com.google.android.gms:play-services-cast-framework:21.1.0] AndroidManifest.xml:23:13-37
107
108        <activity
108-->[com.google.android.gms:play-services-base:18.0.1] AndroidManifest.xml:20:9-22:45
109            android:name="com.google.android.gms.common.api.GoogleApiActivity"
109-->[com.google.android.gms:play-services-base:18.0.1] AndroidManifest.xml:20:19-85
110            android:exported="false"
110-->[com.google.android.gms:play-services-base:18.0.1] AndroidManifest.xml:22:19-43
111            android:theme="@android:style/Theme.Translucent.NoTitleBar" />
111-->[com.google.android.gms:play-services-base:18.0.1] AndroidManifest.xml:21:19-78
112
113        <meta-data
113-->[com.google.android.gms:play-services-basement:18.0.0] AndroidManifest.xml:21:9-23:69
114            android:name="com.google.android.gms.version"
114-->[com.google.android.gms:play-services-basement:18.0.0] AndroidManifest.xml:22:13-58
115            android:value="@integer/google_play_services_version" />
115-->[com.google.android.gms:play-services-basement:18.0.0] AndroidManifest.xml:23:13-66
116
117        <provider
117-->[androidx.emoji2:emoji2:1.2.0] AndroidManifest.xml:24:9-32:20
118            android:name="androidx.startup.InitializationProvider"
118-->[androidx.emoji2:emoji2:1.2.0] AndroidManifest.xml:25:13-67
119            android:authorities="com.google.sample.cast.refplayer.androidx-startup"
119-->[androidx.emoji2:emoji2:1.2.0] AndroidManifest.xml:26:13-68
120            android:exported="false" >
120-->[androidx.emoji2:emoji2:1.2.0] AndroidManifest.xml:27:13-37
121            <meta-data
121-->[androidx.emoji2:emoji2:1.2.0] AndroidManifest.xml:29:13-31:52
122                android:name="androidx.emoji2.text.EmojiCompatInitializer"
122-->[androidx.emoji2:emoji2:1.2.0] AndroidManifest.xml:30:17-75
123                android:value="androidx.startup" />
123-->[androidx.emoji2:emoji2:1.2.0] AndroidManifest.xml:31:17-49
124            <meta-data
124-->[androidx.lifecycle:lifecycle-process:2.4.1] AndroidManifest.xml:31:13-33:52
125                android:name="androidx.lifecycle.ProcessLifecycleInitializer"
125-->[androidx.lifecycle:lifecycle-process:2.4.1] AndroidManifest.xml:32:17-78
126                android:value="androidx.startup" />
126-->[androidx.lifecycle:lifecycle-process:2.4.1] AndroidManifest.xml:33:17-49
127        </provider>
128
129        <service
129-->[com.google.android.datatransport:transport-backend-cct:2.3.3] AndroidManifest.xml:29:9-35:19
130            android:name="com.google.android.datatransport.runtime.backends.TransportBackendDiscovery"
130-->[com.google.android.datatransport:transport-backend-cct:2.3.3] AndroidManifest.xml:30:13-103
131            android:exported="false" >
131-->[com.google.android.datatransport:transport-backend-cct:2.3.3] AndroidManifest.xml:31:13-37
132            <meta-data
132-->[com.google.android.datatransport:transport-backend-cct:2.3.3] AndroidManifest.xml:32:13-34:39
133                android:name="backend:com.google.android.datatransport.cct.CctBackendFactory"
133-->[com.google.android.datatransport:transport-backend-cct:2.3.3] AndroidManifest.xml:33:17-94
134                android:value="cct" />
134-->[com.google.android.datatransport:transport-backend-cct:2.3.3] AndroidManifest.xml:34:17-36
135        </service>
136        <service
136-->[com.google.android.datatransport:transport-runtime:2.2.5] AndroidManifest.xml:26:9-30:19
137            android:name="com.google.android.datatransport.runtime.scheduling.jobscheduling.JobInfoSchedulerService"
137-->[com.google.android.datatransport:transport-runtime:2.2.5] AndroidManifest.xml:27:13-117
138            android:exported="false"
138-->[com.google.android.datatransport:transport-runtime:2.2.5] AndroidManifest.xml:28:13-37
139            android:permission="android.permission.BIND_JOB_SERVICE" >
139-->[com.google.android.datatransport:transport-runtime:2.2.5] AndroidManifest.xml:29:13-69
140        </service>
141
142        <receiver
142-->[com.google.android.datatransport:transport-runtime:2.2.5] AndroidManifest.xml:32:9-34:40
143            android:name="com.google.android.datatransport.runtime.scheduling.jobscheduling.AlarmManagerSchedulerBroadcastReceiver"
143-->[com.google.android.datatransport:transport-runtime:2.2.5] AndroidManifest.xml:33:13-132
144            android:exported="false" />
144-->[com.google.android.datatransport:transport-runtime:2.2.5] AndroidManifest.xml:34:13-37
145    </application>
146
147</manifest>